  CCamera.cpp
  CLightManager.cpp
  CSkybox.cpp
  CSpherePosition.cpp
  CSphereRender.cpp
  CTimeManager.cpp
  main.cpp
C:\Users\rotty\Documents\Github\Opengl_Final_Assignment_Lighting\3d_final_lighting\Opengl_Final_Assignment_Lighting\main.cpp(63,39): warning C4244: 'argument': conversion from 'float' to 'int', possible loss of data
C:\Users\rotty\Documents\Github\Opengl_Final_Assignment_Lighting\3d_final_lighting\Opengl_Final_Assignment_Lighting\main.cpp(63,32): warning C4244: 'argument': conversion from 'float' to 'int', possible loss of data
C:\Users\rotty\Documents\Github\Opengl_Final_Assignment_Lighting\3d_final_lighting\Opengl_Final_Assignment_Lighting\main.cpp(86,26): warning C4244: 'argument': conversion from 'float' to 'GLsizei', possible loss of data
C:\Users\rotty\Documents\Github\Opengl_Final_Assignment_Lighting\3d_final_lighting\Opengl_Final_Assignment_Lighting\main.cpp(86,19): warning C4244: 'argument': conversion from 'float' to 'GLsizei', possible loss of data
C:\Users\rotty\Documents\Github\Opengl_Final_Assignment_Lighting\3d_final_lighting\Opengl_Final_Assignment_Lighting\main.cpp(127,33): warning C4244: '+=': conversion from 'double' to 'float', possible loss of data
C:\Users\rotty\Documents\Github\Opengl_Final_Assignment_Lighting\3d_final_lighting\Opengl_Final_Assignment_Lighting\main.cpp(128,33): warning C4244: '+=': conversion from 'double' to 'float', possible loss of data
C:\Users\rotty\Documents\Github\Opengl_Final_Assignment_Lighting\3d_final_lighting\Opengl_Final_Assignment_Lighting\main.cpp(129,14): warning C4244: '=': conversion from 'double' to 'float', possible loss of data
C:\Users\rotty\Documents\Github\Opengl_Final_Assignment_Lighting\3d_final_lighting\Opengl_Final_Assignment_Lighting\main.cpp(130,14): warning C4244: '=': conversion from 'double' to 'float', possible loss of data
C:\Users\rotty\Documents\Github\Opengl_Final_Assignment_Lighting\3d_final_lighting\Opengl_Final_Assignment_Lighting\main.cpp(212,12): warning C4244: 'argument': conversion from 'time_t' to 'unsigned int', possible loss of data
  ShaderLoader.cpp
  Generating code
  Previous IPDB not found, fall back to full compilation.
  All 525 functions were compiled because no usable IPDB/IOBJ from previous compilation was found.
  Finished generating code
  Opengl_Final_Assignment_Lighting.vcxproj -> C:\Users\rotty\Documents\Github\Opengl_Final_Assignment_Lighting\3d_final_lighting\Release\Opengl_Final_Assignment_Lighting.exe
